# Logfile created on 2024-07-29 20:56:36 +0300 by logger.rb/v1.6.0
I, [2024-07-29T20:56:57.456051 #51480]  INFO -- : Начало генерации отчета: second_report
E, [2024-07-29T20:56:57.856214 #51480] ERROR -- : Ошибка при генерации отчета: undefined method `keys' for an instance of Array
I, [2024-07-29T21:02:00.859861 #51915]  INFO -- : Начало генерации отчета: second_report
I, [2024-07-29T21:02:01.263989 #51915]  INFO -- : Отчет успешно сгенерирован и экспортирован в формат: csv
I, [2024-07-29T21:04:18.641709 #52151]  INFO -- : Начало генерации отчета: third_report
I, [2024-07-29T21:04:19.039603 #52151]  INFO -- : Отчет успешно сгенерирован и экспортирован в формат: json
I, [2024-07-29T21:04:44.273766 #52368]  INFO -- : Начало генерации отчета: third_report
E, [2024-07-29T21:04:44.671398 #52368] ERROR -- : Ошибка при генерации отчета: Unexpected data format for CSV export
I, [2024-07-29T21:05:52.494508 #52577]  INFO -- : Начало генерации отчета: third_report
I, [2024-07-29T21:05:52.876683 #52577]  INFO -- : Отчет успешно сгенерирован и экспортирован в формат: csv
I, [2024-07-29T21:08:25.172169 #52839]  INFO -- : Начало генерации отчета: third_report
I, [2024-07-29T21:08:25.566660 #52839]  INFO -- : Отчет успешно сгенерирован и экспортирован в формат: csv
I, [2024-07-29T21:08:54.138937 #53038]  INFO -- : Начало генерации отчета: third_report
I, [2024-07-29T21:08:54.541635 #53038]  INFO -- : Отчет успешно сгенерирован и экспортирован в формат: json
I, [2024-07-29T21:13:15.944602 #53320]  INFO -- : Начало генерации отчета: third_report
I, [2024-07-29T21:13:16.361316 #53320]  INFO -- : Отчет успешно сгенерирован и экспортирован в формат: csv
I, [2024-07-29T21:35:22.304330 #54257]  INFO -- : Начало генерации отчета: first_report
I, [2024-07-29T21:35:22.677242 #54257]  INFO -- : Отчет успешно сгенерирован и экспортирован в формат: json
I, [2024-07-29T21:35:52.556037 #54454]  INFO -- : Начало генерации отчета: first_report
I, [2024-07-29T21:35:52.957164 #54454]  INFO -- : Отчет успешно сгенерирован и экспортирован в формат: json
I, [2024-07-29T21:36:11.633842 #54644]  INFO -- : Начало генерации отчета: second_report
I, [2024-07-29T21:36:12.005950 #54644]  INFO -- : Отчет успешно сгенерирован и экспортирован в формат: json
I, [2024-07-29T21:36:31.631280 #54836]  INFO -- : Начало генерации отчета: third_report
I, [2024-07-29T21:36:32.003440 #54836]  INFO -- : Отчет успешно сгенерирован и экспортирован в формат: csv
I, [2024-07-29T22:03:07.990243 #55873]  INFO -- : Starting report generation: first_report
E, [2024-07-29T22:03:08.367897 #55873] ERROR -- : Error generating report: wrong number of arguments (given 1, expected 0; required keyword: report_data)
I, [2024-07-29T22:11:34.486358 #56684]  INFO -- : Starting report generation: first_report
E, [2024-07-29T22:11:34.885685 #56684] ERROR -- : Error generating report: missing keyword: :min_employees
I, [2024-07-29T22:12:05.351872 #56881]  INFO -- : Starting report generation: first_report
E, [2024-07-29T22:12:05.726774 #56881] ERROR -- : Error generating report: missing keyword: :min_employees
I, [2024-07-29T22:15:55.306532 #57238]  INFO -- : Starting report generation: first_report
E, [2024-07-29T22:15:55.704392 #57238] ERROR -- : Error generating report: missing keyword: :min_employees
I, [2024-07-29T22:16:36.780136 #57459]  INFO -- : Starting report generation: first_report
E, [2024-07-29T22:16:37.183646 #57459] ERROR -- : Error generating report: missing keyword: :min_employees
I, [2024-07-29T22:19:39.892057 #57761]  INFO -- : Starting report generation: first_report
E, [2024-07-29T22:19:40.285077 #57761] ERROR -- : Error generating report: wrong number of arguments (given 1, expected 0; required keyword: report_data)
I, [2024-07-29T22:20:00.834072 #57959]  INFO -- : Starting report generation: first_report
E, [2024-07-29T22:20:01.219735 #57959] ERROR -- : Error generating report: wrong number of arguments (given 1, expected 0; required keyword: report_data)
I, [2024-07-29T22:20:48.207350 #58167]  INFO -- : Starting report generation: first_report
E, [2024-07-29T22:20:48.615329 #58167] ERROR -- : Error generating report: wrong number of arguments (given 1, expected 0; required keyword: report_data)
I, [2024-07-29T22:25:55.786500 #58757]  INFO -- : Starting report generation: first_report
I, [2024-07-29T22:25:56.155677 #58757]  INFO -- : Report successfully generated and exported in format: json
I, [2024-07-29T23:15:40.093401 #60245]  INFO -- : Starting report generation: first_report
I, [2024-07-29T23:15:40.639713 #60245]  INFO -- : Report successfully generated and exported in format: json
I, [2024-07-29T23:16:11.295325 #60440]  INFO -- : Starting report generation: first_report
I, [2024-07-29T23:16:11.827780 #60440]  INFO -- : Report successfully generated and exported in format: csv
